<?xml version="1.0" encoding="UTF-8"?>
<!-- Generated by org.testng.reporters.JUnitReportReporter -->
<testsuite hostname="Zahid" failures="0" tests="1" name="testCases.Login_TC1" time="17.902" errors="0" timestamp="30 Jun 2022 10:10:09 GMT">
  <testcase classname="testCases.Login_TC1" name="login" time="17.902"/>
</testsuite> <!-- testCases.Login_TC1 -->
